*** Using Compiler 'V5.06 update 7 (build 960)', folder: 'D:\Keil_v5\ARM\ARMCC\Bin'
Build target 'STM32F103T8U6TR'
compiling event_groups.c...
assembling startup_stm32f103xb.s...
compiling port.c...
../Middlewares/Third_Party/FreeRTOS/Source/portable/RVDS/ARM_CM3/port.c(503): error:  #167: argument of type "TickType_t" is incompatible with parameter of type "uint32_t *"
  			configPRE_SLEEP_PROCESSING( xModifiableIdleTime );
../Middlewares/Third_Party/FreeRTOS/Source/portable/RVDS/ARM_CM3/port.c(510): error:  #167: argument of type "TickType_t" is incompatible with parameter of type "uint32_t *"
  			configPOST_SLEEP_PROCESSING( xExpectedIdleTime );
../Middlewares/Third_Party/FreeRTOS/Source/portable/RVDS/ARM_CM3/port.c: 0 warnings, 2 errors
compiling queue.c...
compiling list.c...
compiling heap_4.c...
compiling croutine.c...
compiling stream_buffer.c...
compiling timers.c...
compiling tasks.c...
compiling freertos.c...
../Core/Src/freertos.c(223): warning:  #177-D: variable "lastDetectTime"  was declared but never referenced
    static uint32_t lastDetectTime = 0, lastSendTime = 0;
../Core/Src/freertos.c(223): warning:  #177-D: variable "lastSendTime"  was declared but never referenced
    static uint32_t lastDetectTime = 0, lastSendTime = 0;
../Core/Src/freertos.c(224): warning:  #177-D: variable "lastActiveTick"  was declared but never referenced
    static TickType_t lastActiveTick = 0;
../Core/Src/freertos.c: 3 warnings, 0 errors
compiling tap_detection.c...
..\Core\Src\tap_detection.c(19): warning:  #1-D: last line of file ends without a newline
  float lastAccelMag = 0.0f;     // ‰∏ä‰∏ÄÊ¨°Âä†ÈÄüÂ∫¶ÂêàÂ§ßÂ∞?
..\Core\Src\tap_detection.c: 1 warning, 0 errors
compiling main.c...
compiling cmsis_os2.c...
"STM32F103T8U6TR\STM32F103T8U6TR.axf" - 2 Error(s), 4 Warning(s).
Target not created.
Build Time Elapsed:  00:00:46
